ERROR - 2026-06-17 07:17:18 --> table `users` already exists
in SYSTEMPATH/Database/SQLite3/Connection.php on line 163.
 1 SYSTEMPATH/Database/SQLite3/Connection.php(163): SQLite3->exec('CREATE TABLE `users` (
	`id` INTEGER PRIMARY KEY AUTOINCREMENT,
	`username` VARCHAR NOT NULL,
	`password` VARCHAR NOT NULL,
	`role` VARCHAR NOT NULL DEFAULT \'caissier\',
	`created_at` DATETIME NULL
)')
 2 SYSTEMPATH/Database/BaseConnection.php(910): CodeIgniter\Database\SQLite3\Connection->execute('CREATE TABLE `users` (
	`id` INTEGER PRIMARY KEY AUTOINCREMENT,
	`username` VARCHAR NOT NULL,
	`password` VARCHAR NOT NULL,
	`role` VARCHAR NOT NULL DEFAULT \'caissier\',
	`created_at` DATETIME NULL
)')
 3 SYSTEMPATH/Database/BaseConnection.php(827): CodeIgniter\Database\BaseConnection->simpleQuery('CREATE TABLE `users` (
	`id` INTEGER PRIMARY KEY AUTOINCREMENT,
	`username` VARCHAR NOT NULL,
	`password` VARCHAR NOT NULL,
	`role` VARCHAR NOT NULL DEFAULT \'caissier\',
	`created_at` DATETIME NULL
)')
 4 SYSTEMPATH/Database/Forge.php(570): CodeIgniter\Database\BaseConnection->query('CREATE TABLE `users` (
	`id` INTEGER PRIMARY KEY AUTOINCREMENT,
	`username` VARCHAR NOT NULL,
	`password` VARCHAR NOT NULL,
	`role` VARCHAR NOT NULL DEFAULT \'caissier\',
	`created_at` DATETIME NULL
)')
 5 APPPATH/Database/Migrations/2024-06-01-000003_CreateAchatTable.php(17): CodeIgniter\Database\Forge->createTable('users')
 6 SYSTEMPATH/Database/MigrationRunner.php(1014): App\Database\Migrations\CreateUsersTable->up()
 7 SYSTEMPATH/Database/MigrationRunner.php(202): CodeIgniter\Database\MigrationRunner->migrate('up', Object(stdClass))
 8 SYSTEMPATH/Commands/Database/Migrate.php(89): CodeIgniter\Database\MigrationRunner->latest(null)
 9 SYSTEMPATH/CLI/SignalTrait.php(245): CodeIgniter\Commands\Database\Migrate::CodeIgniter\Commands\Database\{closure}()
10 SYSTEMPATH/Commands/Database/Migrate.php(88): CodeIgniter\Commands\Database\Migrate->withSignalsBlocked(Object(Closure))
11 SYSTEMPATH/CLI/Commands.php(74): CodeIgniter\Commands\Database\Migrate->run([])
12 SYSTEMPATH/CLI/Console.php(47): CodeIgniter\CLI\Commands->run('migrate', [])
13 SYSTEMPATH/Boot.php(442): CodeIgniter\CLI\Console->run()
14 SYSTEMPATH/Boot.php(166): CodeIgniter\Boot::runCommand(Object(CodeIgniter\CLI\Console))
15 ROOTPATH/spark(87): CodeIgniter\Boot::bootSpark(Object(Config\Paths))
ERROR - 2026-06-17 07:19:03 --> table `users` already exists
in SYSTEMPATH/Database/SQLite3/Connection.php on line 163.
 1 SYSTEMPATH/Database/SQLite3/Connection.php(163): SQLite3->exec('CREATE TABLE `users` (
	`id` INTEGER PRIMARY KEY AUTOINCREMENT,
	`username` VARCHAR NOT NULL,
	`password` VARCHAR NOT NULL,
	`role` VARCHAR NOT NULL DEFAULT \'caissier\',
	`created_at` DATETIME NULL
)')
 2 SYSTEMPATH/Database/BaseConnection.php(910): CodeIgniter\Database\SQLite3\Connection->execute('CREATE TABLE `users` (
	`id` INTEGER PRIMARY KEY AUTOINCREMENT,
	`username` VARCHAR NOT NULL,
	`password` VARCHAR NOT NULL,
	`role` VARCHAR NOT NULL DEFAULT \'caissier\',
	`created_at` DATETIME NULL
)')
 3 SYSTEMPATH/Database/BaseConnection.php(827): CodeIgniter\Database\BaseConnection->simpleQuery('CREATE TABLE `users` (
	`id` INTEGER PRIMARY KEY AUTOINCREMENT,
	`username` VARCHAR NOT NULL,
	`password` VARCHAR NOT NULL,
	`role` VARCHAR NOT NULL DEFAULT \'caissier\',
	`created_at` DATETIME NULL
)')
 4 SYSTEMPATH/Database/Forge.php(570): CodeIgniter\Database\BaseConnection->query('CREATE TABLE `users` (
	`id` INTEGER PRIMARY KEY AUTOINCREMENT,
	`username` VARCHAR NOT NULL,
	`password` VARCHAR NOT NULL,
	`role` VARCHAR NOT NULL DEFAULT \'caissier\',
	`created_at` DATETIME NULL
)')
 5 APPPATH/Database/Migrations/2024-06-01-000003_CreateAchatTable.php(17): CodeIgniter\Database\Forge->createTable('users')
 6 SYSTEMPATH/Database/MigrationRunner.php(1014): App\Database\Migrations\CreateUsersTable->up()
 7 SYSTEMPATH/Database/MigrationRunner.php(202): CodeIgniter\Database\MigrationRunner->migrate('up', Object(stdClass))
 8 SYSTEMPATH/Commands/Database/Migrate.php(89): CodeIgniter\Database\MigrationRunner->latest(null)
 9 SYSTEMPATH/CLI/SignalTrait.php(245): CodeIgniter\Commands\Database\Migrate::CodeIgniter\Commands\Database\{closure}()
10 SYSTEMPATH/Commands/Database/Migrate.php(88): CodeIgniter\Commands\Database\Migrate->withSignalsBlocked(Object(Closure))
11 SYSTEMPATH/CLI/Commands.php(74): CodeIgniter\Commands\Database\Migrate->run([])
12 SYSTEMPATH/CLI/Console.php(47): CodeIgniter\CLI\Commands->run('migrate', [])
13 SYSTEMPATH/Boot.php(442): CodeIgniter\CLI\Console->run()
14 SYSTEMPATH/Boot.php(166): CodeIgniter\Boot::runCommand(Object(CodeIgniter\CLI\Console))
15 ROOTPATH/spark(87): CodeIgniter\Boot::bootSpark(Object(Config\Paths))
ERROR - 2026-06-17 07:19:54 --> Unable to prepare statement: 1, no such column: status
in SYSTEMPATH/Database/SQLite3/Connection.php on line 164.
 1 SYSTEMPATH/Database/SQLite3/Connection.php(164): SQLite3->query('SELECT *
FROM `achat`
WHERE `caisse_id` = 8
AND `status` = \'en_cours\'')
 2 SYSTEMPATH/Database/BaseConnection.php(910): CodeIgniter\Database\SQLite3\Connection->execute('SELECT *
FROM `achat`
WHERE `caisse_id` = 8
AND `status` = \'en_cours\'')
 3 SYSTEMPATH/Database/BaseConnection.php(827): CodeIgniter\Database\BaseConnection->simpleQuery('SELECT *
FROM `achat`
WHERE `caisse_id` = 8
AND `status` = \'en_cours\'')
 4 SYSTEMPATH/Database/BaseBuilder.php(1649): CodeIgniter\Database\BaseConnection->query('SELECT *
FROM `achat`
WHERE `caisse_id` = :caisse_id:
AND `status` = :status:', [...], false)
 5 SYSTEMPATH/Model.php(253): CodeIgniter\Database\BaseBuilder->get()
 6 SYSTEMPATH/BaseModel.php(676): CodeIgniter\Model->doFindAll(0, 0)
 7 APPPATH/Controllers/AchatController.php(17): CodeIgniter\BaseModel->findAll()
 8 SYSTEMPATH/CodeIgniter.php(951): App\Controllers\AchatController->index()
 9 SYSTEMPATH/CodeIgniter.php(497): CodeIgniter\CodeIgniter->runController(Object(App\Controllers\AchatController))
10 SYSTEMPATH/CodeIgniter.php(340): CodeIgniter\CodeIgniter->handleRequest(null, Object(Config\Cache), false)
11 SYSTEMPATH/Boot.php(417): CodeIgniter\CodeIgniter->run()
12 SYSTEMPATH/Boot.php(68): CodeIgniter\Boot::runCodeIgniter(Object(CodeIgniter\CodeIgniter))
13 FCPATH/index.php(59): CodeIgniter\Boot::bootWeb(Object(Config\Paths))
14 SYSTEMPATH/rewrite.php(44): require_once('/home/edinah/Documents/L2/S4/SI/Projet_Caisse/public/index.php')
CRITICAL - 2026-06-17 07:19:54 --> CodeIgniter\Database\Exceptions\DatabaseException: Unable to prepare statement: 1, no such column: status
[Method: GET, Route: achats]
in SYSTEMPATH/Database/BaseConnection.php on line 865.
 1 SYSTEMPATH/Database/BaseBuilder.php(1649): CodeIgniter\Database\BaseConnection->query('SELECT *
FROM `achat`
WHERE `caisse_id` = :caisse_id:
AND `status` = :status:', [...], false)
 2 SYSTEMPATH/Model.php(253): CodeIgniter\Database\BaseBuilder->get()
 3 SYSTEMPATH/BaseModel.php(676): CodeIgniter\Model->doFindAll(0, 0)
 4 APPPATH/Controllers/AchatController.php(17): CodeIgniter\BaseModel->findAll()
 5 SYSTEMPATH/CodeIgniter.php(951): App\Controllers\AchatController->index()
 6 SYSTEMPATH/CodeIgniter.php(497): CodeIgniter\CodeIgniter->runController(Object(App\Controllers\AchatController))
 7 SYSTEMPATH/CodeIgniter.php(340): CodeIgniter\CodeIgniter->handleRequest(null, Object(Config\Cache), false)
 8 SYSTEMPATH/Boot.php(417): CodeIgniter\CodeIgniter->run()
 9 SYSTEMPATH/Boot.php(68): CodeIgniter\Boot::runCodeIgniter(Object(CodeIgniter\CodeIgniter))
10 FCPATH/index.php(59): CodeIgniter\Boot::bootWeb(Object(Config\Paths))
11 SYSTEMPATH/rewrite.php(44): require_once('/home/edinah/Documents/L2/S4/SI/Projet_Caisse/public/index.php')
CRITICAL - 2026-06-17 07:19:54 --> [Caused by] CodeIgniter\Database\Exceptions\DatabaseException: Unable to prepare statement: 1, no such column: status
in SYSTEMPATH/Database/SQLite3/Connection.php on line 174.
 1 SYSTEMPATH/Database/BaseConnection.php(910): CodeIgniter\Database\SQLite3\Connection->execute('SELECT *
FROM `achat`
WHERE `caisse_id` = 8
AND `status` = \'en_cours\'')
 2 SYSTEMPATH/Database/BaseConnection.php(827): CodeIgniter\Database\BaseConnection->simpleQuery('SELECT *
FROM `achat`
WHERE `caisse_id` = 8
AND `status` = \'en_cours\'')
 3 SYSTEMPATH/Database/BaseBuilder.php(1649): CodeIgniter\Database\BaseConnection->query('SELECT *
FROM `achat`
WHERE `caisse_id` = :caisse_id:
AND `status` = :status:', [...], false)
 4 SYSTEMPATH/Model.php(253): CodeIgniter\Database\BaseBuilder->get()
 5 SYSTEMPATH/BaseModel.php(676): CodeIgniter\Model->doFindAll(0, 0)
 6 APPPATH/Controllers/AchatController.php(17): CodeIgniter\BaseModel->findAll()
 7 SYSTEMPATH/CodeIgniter.php(951): App\Controllers\AchatController->index()
 8 SYSTEMPATH/CodeIgniter.php(497): CodeIgniter\CodeIgniter->runController(Object(App\Controllers\AchatController))
 9 SYSTEMPATH/CodeIgniter.php(340): CodeIgniter\CodeIgniter->handleRequest(null, Object(Config\Cache), false)
10 SYSTEMPATH/Boot.php(417): CodeIgniter\CodeIgniter->run()
11 SYSTEMPATH/Boot.php(68): CodeIgniter\Boot::runCodeIgniter(Object(CodeIgniter\CodeIgniter))
12 FCPATH/index.php(59): CodeIgniter\Boot::bootWeb(Object(Config\Paths))
13 SYSTEMPATH/rewrite.php(44): require_once('/home/edinah/Documents/L2/S4/SI/Projet_Caisse/public/index.php')
CRITICAL - 2026-06-17 07:19:54 --> [Caused by] Exception: Unable to prepare statement: 1, no such column: status
in SYSTEMPATH/Database/SQLite3/Connection.php on line 164.
 1 SYSTEMPATH/Database/SQLite3/Connection.php(164): SQLite3->query('SELECT *
FROM `achat`
WHERE `caisse_id` = 8
AND `status` = \'en_cours\'')
 2 SYSTEMPATH/Database/BaseConnection.php(910): CodeIgniter\Database\SQLite3\Connection->execute('SELECT *
FROM `achat`
WHERE `caisse_id` = 8
AND `status` = \'en_cours\'')
 3 SYSTEMPATH/Database/BaseConnection.php(827): CodeIgniter\Database\BaseConnection->simpleQuery('SELECT *
FROM `achat`
WHERE `caisse_id` = 8
AND `status` = \'en_cours\'')
 4 SYSTEMPATH/Database/BaseBuilder.php(1649): CodeIgniter\Database\BaseConnection->query('SELECT *
FROM `achat`
WHERE `caisse_id` = :caisse_id:
AND `status` = :status:', [...], false)
 5 SYSTEMPATH/Model.php(253): CodeIgniter\Database\BaseBuilder->get()
 6 SYSTEMPATH/BaseModel.php(676): CodeIgniter\Model->doFindAll(0, 0)
 7 APPPATH/Controllers/AchatController.php(17): CodeIgniter\BaseModel->findAll()
 8 SYSTEMPATH/CodeIgniter.php(951): App\Controllers\AchatController->index()
 9 SYSTEMPATH/CodeIgniter.php(497): CodeIgniter\CodeIgniter->runController(Object(App\Controllers\AchatController))
10 SYSTEMPATH/CodeIgniter.php(340): CodeIgniter\CodeIgniter->handleRequest(null, Object(Config\Cache), false)
11 SYSTEMPATH/Boot.php(417): CodeIgniter\CodeIgniter->run()
12 SYSTEMPATH/Boot.php(68): CodeIgniter\Boot::runCodeIgniter(Object(CodeIgniter\CodeIgniter))
13 FCPATH/index.php(59): CodeIgniter\Boot::bootWeb(Object(Config\Paths))
14 SYSTEMPATH/rewrite.php(44): require_once('/home/edinah/Documents/L2/S4/SI/Projet_Caisse/public/index.php')
CRITICAL - 2026-06-17 07:22:58 --> CodeIgniter\Database\Exceptions\DataException: There is no data to update.
[Method: POST, Route: achats/cloturer]
in SYSTEMPATH/BaseModel.php on line 1057.
 1 SYSTEMPATH/BaseModel.php(1057): CodeIgniter\Database\Exceptions\DataException::forEmptyDataset('update')
 2 SYSTEMPATH/Model.php(709): CodeIgniter\BaseModel->update(null, [])
 3 APPPATH/Controllers/AchatController.php(54): CodeIgniter\Model->update()
 4 SYSTEMPATH/CodeIgniter.php(951): App\Controllers\AchatController->cloturer()
 5 SYSTEMPATH/CodeIgniter.php(497): CodeIgniter\CodeIgniter->runController(Object(App\Controllers\AchatController))
 6 SYSTEMPATH/CodeIgniter.php(340): CodeIgniter\CodeIgniter->handleRequest(null, Object(Config\Cache), false)
 7 SYSTEMPATH/Boot.php(417): CodeIgniter\CodeIgniter->run()
 8 SYSTEMPATH/Boot.php(68): CodeIgniter\Boot::runCodeIgniter(Object(CodeIgniter\CodeIgniter))
 9 FCPATH/index.php(59): CodeIgniter\Boot::bootWeb(Object(Config\Paths))
10 SYSTEMPATH/rewrite.php(44): require_once('/home/edinah/Documents/L2/S4/SI/Projet_Caisse/public/index.php')
CRITICAL - 2026-06-17 07:23:18 --> CodeIgniter\Database\Exceptions\DataException: There is no data to update.
[Method: POST, Route: achats/cloturer]
in SYSTEMPATH/BaseModel.php on line 1057.
 1 SYSTEMPATH/BaseModel.php(1057): CodeIgniter\Database\Exceptions\DataException::forEmptyDataset('update')
 2 SYSTEMPATH/Model.php(709): CodeIgniter\BaseModel->update(null, [])
 3 APPPATH/Controllers/AchatController.php(54): CodeIgniter\Model->update()
 4 SYSTEMPATH/CodeIgniter.php(951): App\Controllers\AchatController->cloturer()
 5 SYSTEMPATH/CodeIgniter.php(497): CodeIgniter\CodeIgniter->runController(Object(App\Controllers\AchatController))
 6 SYSTEMPATH/CodeIgniter.php(340): CodeIgniter\CodeIgniter->handleRequest(null, Object(Config\Cache), false)
 7 SYSTEMPATH/Boot.php(417): CodeIgniter\CodeIgniter->run()
 8 SYSTEMPATH/Boot.php(68): CodeIgniter\Boot::runCodeIgniter(Object(CodeIgniter\CodeIgniter))
 9 FCPATH/index.php(59): CodeIgniter\Boot::bootWeb(Object(Config\Paths))
10 SYSTEMPATH/rewrite.php(44): require_once('/home/edinah/Documents/L2/S4/SI/Projet_Caisse/public/index.php')
ERROR - 2026-06-17 07:31:04 --> table `users` already exists
in SYSTEMPATH/Database/SQLite3/Connection.php on line 163.
 1 SYSTEMPATH/Database/SQLite3/Connection.php(163): SQLite3->exec('CREATE TABLE `users` (
	`id` INTEGER PRIMARY KEY AUTOINCREMENT,
	`username` VARCHAR NOT NULL,
	`password` VARCHAR NOT NULL,
	`role` VARCHAR NOT NULL DEFAULT \'caissier\',
	`created_at` DATETIME NULL
)')
 2 SYSTEMPATH/Database/BaseConnection.php(910): CodeIgniter\Database\SQLite3\Connection->execute('CREATE TABLE `users` (
	`id` INTEGER PRIMARY KEY AUTOINCREMENT,
	`username` VARCHAR NOT NULL,
	`password` VARCHAR NOT NULL,
	`role` VARCHAR NOT NULL DEFAULT \'caissier\',
	`created_at` DATETIME NULL
)')
 3 SYSTEMPATH/Database/BaseConnection.php(827): CodeIgniter\Database\BaseConnection->simpleQuery('CREATE TABLE `users` (
	`id` INTEGER PRIMARY KEY AUTOINCREMENT,
	`username` VARCHAR NOT NULL,
	`password` VARCHAR NOT NULL,
	`role` VARCHAR NOT NULL DEFAULT \'caissier\',
	`created_at` DATETIME NULL
)')
 4 SYSTEMPATH/Database/Forge.php(570): CodeIgniter\Database\BaseConnection->query('CREATE TABLE `users` (
	`id` INTEGER PRIMARY KEY AUTOINCREMENT,
	`username` VARCHAR NOT NULL,
	`password` VARCHAR NOT NULL,
	`role` VARCHAR NOT NULL DEFAULT \'caissier\',
	`created_at` DATETIME NULL
)')
 5 APPPATH/Database/Migrations/2024-06-01-000003_CreateAchatTable.php(17): CodeIgniter\Database\Forge->createTable('users')
 6 SYSTEMPATH/Database/MigrationRunner.php(1014): App\Database\Migrations\CreateUsersTable->up()
 7 SYSTEMPATH/Database/MigrationRunner.php(202): CodeIgniter\Database\MigrationRunner->migrate('up', Object(stdClass))
 8 SYSTEMPATH/Commands/Database/Migrate.php(89): CodeIgniter\Database\MigrationRunner->latest(null)
 9 SYSTEMPATH/CLI/SignalTrait.php(245): CodeIgniter\Commands\Database\Migrate::CodeIgniter\Commands\Database\{closure}()
10 SYSTEMPATH/Commands/Database/Migrate.php(88): CodeIgniter\Commands\Database\Migrate->withSignalsBlocked(Object(Closure))
11 SYSTEMPATH/CLI/Commands.php(74): CodeIgniter\Commands\Database\Migrate->run([])
12 SYSTEMPATH/CLI/Console.php(47): CodeIgniter\CLI\Commands->run('migrate', [])
13 SYSTEMPATH/Boot.php(442): CodeIgniter\CLI\Console->run()
14 SYSTEMPATH/Boot.php(166): CodeIgniter\Boot::runCommand(Object(CodeIgniter\CLI\Console))
15 ROOTPATH/spark(87): CodeIgniter\Boot::bootSpark(Object(Config\Paths))
CRITICAL - 2026-06-17 07:38:33 --> ErrorException: Cannot declare class App\Database\Migrations\CreateUsersTable, because the name is already in use
[Method: CLI, Route: migrate]
in APPPATH/Database/Migrations/2024-06-01-000004_CreateUsersTable.php on line 5.
 1 [internal function]: CodeIgniter\Debug\Exceptions->shutdownHandler()
CRITICAL - 2026-06-17 07:41:25 --> ErrorException: Cannot declare class App\Database\Migrations\CreateUsersTable, because the name is already in use
[Method: CLI, Route: migrate]
in APPPATH/Database/Migrations/2024-06-01-000004_CreateUsersTable.php on line 5.
 1 [internal function]: CodeIgniter\Debug\Exceptions->shutdownHandler()
ERROR - 2026-06-17 07:43:39 --> table `users` already exists
in SYSTEMPATH/Database/SQLite3/Connection.php on line 163.
 1 SYSTEMPATH/Database/SQLite3/Connection.php(163): SQLite3->exec('CREATE TABLE `users` (
	`id` INTEGER PRIMARY KEY AUTOINCREMENT,
	`username` VARCHAR NOT NULL,
	`password` VARCHAR NOT NULL,
	`role` VARCHAR NOT NULL DEFAULT \'caissier\',
	`created_at` DATETIME NULL
)')
 2 SYSTEMPATH/Database/BaseConnection.php(910): CodeIgniter\Database\SQLite3\Connection->execute('CREATE TABLE `users` (
	`id` INTEGER PRIMARY KEY AUTOINCREMENT,
	`username` VARCHAR NOT NULL,
	`password` VARCHAR NOT NULL,
	`role` VARCHAR NOT NULL DEFAULT \'caissier\',
	`created_at` DATETIME NULL
)')
 3 SYSTEMPATH/Database/BaseConnection.php(827): CodeIgniter\Database\BaseConnection->simpleQuery('CREATE TABLE `users` (
	`id` INTEGER PRIMARY KEY AUTOINCREMENT,
	`username` VARCHAR NOT NULL,
	`password` VARCHAR NOT NULL,
	`role` VARCHAR NOT NULL DEFAULT \'caissier\',
	`created_at` DATETIME NULL
)')
 4 SYSTEMPATH/Database/Forge.php(570): CodeIgniter\Database\BaseConnection->query('CREATE TABLE `users` (
	`id` INTEGER PRIMARY KEY AUTOINCREMENT,
	`username` VARCHAR NOT NULL,
	`password` VARCHAR NOT NULL,
	`role` VARCHAR NOT NULL DEFAULT \'caissier\',
	`created_at` DATETIME NULL
)')
 5 APPPATH/Database/Migrations/2024-06-01-000004_CreateUsersTable.php(17): CodeIgniter\Database\Forge->createTable('users')
 6 SYSTEMPATH/Database/MigrationRunner.php(1014): App\Database\Migrations\CreateUsersTable->up()
 7 SYSTEMPATH/Database/MigrationRunner.php(202): CodeIgniter\Database\MigrationRunner->migrate('up', Object(stdClass))
 8 SYSTEMPATH/Commands/Database/Migrate.php(89): CodeIgniter\Database\MigrationRunner->latest(null)
 9 SYSTEMPATH/CLI/SignalTrait.php(245): CodeIgniter\Commands\Database\Migrate::CodeIgniter\Commands\Database\{closure}()
10 SYSTEMPATH/Commands/Database/Migrate.php(88): CodeIgniter\Commands\Database\Migrate->withSignalsBlocked(Object(Closure))
11 SYSTEMPATH/CLI/Commands.php(74): CodeIgniter\Commands\Database\Migrate->run([])
12 SYSTEMPATH/CLI/Console.php(47): CodeIgniter\CLI\Commands->run('migrate', [])
13 SYSTEMPATH/Boot.php(442): CodeIgniter\CLI\Console->run()
14 SYSTEMPATH/Boot.php(166): CodeIgniter\Boot::runCommand(Object(CodeIgniter\CLI\Console))
15 ROOTPATH/spark(87): CodeIgniter\Boot::bootSpark(Object(Config\Paths))
ERROR - 2026-06-17 07:44:19 --> table `users` already exists
in SYSTEMPATH/Database/SQLite3/Connection.php on line 163.
 1 SYSTEMPATH/Database/SQLite3/Connection.php(163): SQLite3->exec('CREATE TABLE `users` (
	`id` INTEGER PRIMARY KEY AUTOINCREMENT,
	`username` VARCHAR NOT NULL,
	`password` VARCHAR NOT NULL,
	`role` VARCHAR NOT NULL DEFAULT \'caissier\',
	`created_at` DATETIME NULL
)')
 2 SYSTEMPATH/Database/BaseConnection.php(910): CodeIgniter\Database\SQLite3\Connection->execute('CREATE TABLE `users` (
	`id` INTEGER PRIMARY KEY AUTOINCREMENT,
	`username` VARCHAR NOT NULL,
	`password` VARCHAR NOT NULL,
	`role` VARCHAR NOT NULL DEFAULT \'caissier\',
	`created_at` DATETIME NULL
)')
 3 SYSTEMPATH/Database/BaseConnection.php(827): CodeIgniter\Database\BaseConnection->simpleQuery('CREATE TABLE `users` (
	`id` INTEGER PRIMARY KEY AUTOINCREMENT,
	`username` VARCHAR NOT NULL,
	`password` VARCHAR NOT NULL,
	`role` VARCHAR NOT NULL DEFAULT \'caissier\',
	`created_at` DATETIME NULL
)')
 4 SYSTEMPATH/Database/Forge.php(570): CodeIgniter\Database\BaseConnection->query('CREATE TABLE `users` (
	`id` INTEGER PRIMARY KEY AUTOINCREMENT,
	`username` VARCHAR NOT NULL,
	`password` VARCHAR NOT NULL,
	`role` VARCHAR NOT NULL DEFAULT \'caissier\',
	`created_at` DATETIME NULL
)')
 5 APPPATH/Database/Migrations/2024-06-01-000004_CreateUsersTable.php(17): CodeIgniter\Database\Forge->createTable('users')
 6 SYSTEMPATH/Database/MigrationRunner.php(1014): App\Database\Migrations\CreateUsersTable->up()
 7 SYSTEMPATH/Database/MigrationRunner.php(202): CodeIgniter\Database\MigrationRunner->migrate('up', Object(stdClass))
 8 SYSTEMPATH/Commands/Database/Migrate.php(89): CodeIgniter\Database\MigrationRunner->latest(null)
 9 SYSTEMPATH/CLI/SignalTrait.php(245): CodeIgniter\Commands\Database\Migrate::CodeIgniter\Commands\Database\{closure}()
10 SYSTEMPATH/Commands/Database/Migrate.php(88): CodeIgniter\Commands\Database\Migrate->withSignalsBlocked(Object(Closure))
11 SYSTEMPATH/CLI/Commands.php(74): CodeIgniter\Commands\Database\Migrate->run([])
12 SYSTEMPATH/CLI/Console.php(47): CodeIgniter\CLI\Commands->run('migrate', [])
13 SYSTEMPATH/Boot.php(442): CodeIgniter\CLI\Console->run()
14 SYSTEMPATH/Boot.php(166): CodeIgniter\Boot::runCommand(Object(CodeIgniter\CLI\Console))
15 ROOTPATH/spark(87): CodeIgniter\Boot::bootSpark(Object(Config\Paths))
ERROR - 2026-06-17 07:44:47 --> table `users` already exists
in SYSTEMPATH/Database/SQLite3/Connection.php on line 163.
 1 SYSTEMPATH/Database/SQLite3/Connection.php(163): SQLite3->exec('CREATE TABLE `users` (
	`id` INTEGER PRIMARY KEY AUTOINCREMENT,
	`username` VARCHAR NOT NULL,
	`password` VARCHAR NOT NULL,
	`role` VARCHAR NOT NULL DEFAULT \'caissier\',
	`created_at` DATETIME NULL
)')
 2 SYSTEMPATH/Database/BaseConnection.php(910): CodeIgniter\Database\SQLite3\Connection->execute('CREATE TABLE `users` (
	`id` INTEGER PRIMARY KEY AUTOINCREMENT,
	`username` VARCHAR NOT NULL,
	`password` VARCHAR NOT NULL,
	`role` VARCHAR NOT NULL DEFAULT \'caissier\',
	`created_at` DATETIME NULL
)')
 3 SYSTEMPATH/Database/BaseConnection.php(827): CodeIgniter\Database\BaseConnection->simpleQuery('CREATE TABLE `users` (
	`id` INTEGER PRIMARY KEY AUTOINCREMENT,
	`username` VARCHAR NOT NULL,
	`password` VARCHAR NOT NULL,
	`role` VARCHAR NOT NULL DEFAULT \'caissier\',
	`created_at` DATETIME NULL
)')
 4 SYSTEMPATH/Database/Forge.php(570): CodeIgniter\Database\BaseConnection->query('CREATE TABLE `users` (
	`id` INTEGER PRIMARY KEY AUTOINCREMENT,
	`username` VARCHAR NOT NULL,
	`password` VARCHAR NOT NULL,
	`role` VARCHAR NOT NULL DEFAULT \'caissier\',
	`created_at` DATETIME NULL
)')
 5 APPPATH/Database/Migrations/2024-06-01-000004_CreateUsersTable.php(17): CodeIgniter\Database\Forge->createTable('users')
 6 SYSTEMPATH/Database/MigrationRunner.php(1014): App\Database\Migrations\CreateUsersTable->up()
 7 SYSTEMPATH/Database/MigrationRunner.php(202): CodeIgniter\Database\MigrationRunner->migrate('up', Object(stdClass))
 8 SYSTEMPATH/Commands/Database/Migrate.php(89): CodeIgniter\Database\MigrationRunner->latest(null)
 9 SYSTEMPATH/CLI/SignalTrait.php(245): CodeIgniter\Commands\Database\Migrate::CodeIgniter\Commands\Database\{closure}()
10 SYSTEMPATH/Commands/Database/Migrate.php(88): CodeIgniter\Commands\Database\Migrate->withSignalsBlocked(Object(Closure))
11 SYSTEMPATH/CLI/Commands.php(74): CodeIgniter\Commands\Database\Migrate->run([])
12 SYSTEMPATH/CLI/Console.php(47): CodeIgniter\CLI\Commands->run('migrate', [])
13 SYSTEMPATH/Boot.php(442): CodeIgniter\CLI\Console->run()
14 SYSTEMPATH/Boot.php(166): CodeIgniter\Boot::runCommand(Object(CodeIgniter\CLI\Console))
15 ROOTPATH/spark(87): CodeIgniter\Boot::bootSpark(Object(Config\Paths))
ERROR - 2026-06-17 07:45:24 --> table `users` already exists
in SYSTEMPATH/Database/SQLite3/Connection.php on line 163.
 1 SYSTEMPATH/Database/SQLite3/Connection.php(163): SQLite3->exec('CREATE TABLE `users` (
	`id` INTEGER PRIMARY KEY AUTOINCREMENT,
	`username` VARCHAR NOT NULL,
	`password` VARCHAR NOT NULL,
	`role` VARCHAR NOT NULL DEFAULT \'caissier\',
	`created_at` DATETIME NULL
)')
 2 SYSTEMPATH/Database/BaseConnection.php(910): CodeIgniter\Database\SQLite3\Connection->execute('CREATE TABLE `users` (
	`id` INTEGER PRIMARY KEY AUTOINCREMENT,
	`username` VARCHAR NOT NULL,
	`password` VARCHAR NOT NULL,
	`role` VARCHAR NOT NULL DEFAULT \'caissier\',
	`created_at` DATETIME NULL
)')
 3 SYSTEMPATH/Database/BaseConnection.php(827): CodeIgniter\Database\BaseConnection->simpleQuery('CREATE TABLE `users` (
	`id` INTEGER PRIMARY KEY AUTOINCREMENT,
	`username` VARCHAR NOT NULL,
	`password` VARCHAR NOT NULL,
	`role` VARCHAR NOT NULL DEFAULT \'caissier\',
	`created_at` DATETIME NULL
)')
 4 SYSTEMPATH/Database/Forge.php(570): CodeIgniter\Database\BaseConnection->query('CREATE TABLE `users` (
	`id` INTEGER PRIMARY KEY AUTOINCREMENT,
	`username` VARCHAR NOT NULL,
	`password` VARCHAR NOT NULL,
	`role` VARCHAR NOT NULL DEFAULT \'caissier\',
	`created_at` DATETIME NULL
)')
 5 APPPATH/Database/Migrations/2024-06-01-000004_CreateUsersTable.php(17): CodeIgniter\Database\Forge->createTable('users')
 6 SYSTEMPATH/Database/MigrationRunner.php(1014): App\Database\Migrations\CreateUsersTable->up()
 7 SYSTEMPATH/Database/MigrationRunner.php(202): CodeIgniter\Database\MigrationRunner->migrate('up', Object(stdClass))
 8 SYSTEMPATH/Commands/Database/Migrate.php(89): CodeIgniter\Database\MigrationRunner->latest(null)
 9 SYSTEMPATH/CLI/SignalTrait.php(245): CodeIgniter\Commands\Database\Migrate::CodeIgniter\Commands\Database\{closure}()
10 SYSTEMPATH/Commands/Database/Migrate.php(88): CodeIgniter\Commands\Database\Migrate->withSignalsBlocked(Object(Closure))
11 SYSTEMPATH/CLI/Commands.php(74): CodeIgniter\Commands\Database\Migrate->run([])
12 SYSTEMPATH/CLI/Console.php(47): CodeIgniter\CLI\Commands->run('migrate', [])
13 SYSTEMPATH/Boot.php(442): CodeIgniter\CLI\Console->run()
14 SYSTEMPATH/Boot.php(166): CodeIgniter\Boot::runCommand(Object(CodeIgniter\CLI\Console))
15 ROOTPATH/spark(87): CodeIgniter\Boot::bootSpark(Object(Config\Paths))
CRITICAL - 2026-06-17 07:54:28 --> Error: Class "App\Controllers\CaisseModel" not found
[Method: POST, Route: achats/cloturer]
in APPPATH/Controllers/AchatController.php on line 63.
 1 SYSTEMPATH/CodeIgniter.php(951): App\Controllers\AchatController->cloturer()
 2 SYSTEMPATH/CodeIgniter.php(497): CodeIgniter\CodeIgniter->runController(Object(App\Controllers\AchatController))
 3 SYSTEMPATH/CodeIgniter.php(340): CodeIgniter\CodeIgniter->handleRequest(null, Object(Config\Cache), false)
 4 SYSTEMPATH/Boot.php(417): CodeIgniter\CodeIgniter->run()
 5 SYSTEMPATH/Boot.php(68): CodeIgniter\Boot::runCodeIgniter(Object(CodeIgniter\CodeIgniter))
 6 FCPATH/index.php(59): CodeIgniter\Boot::bootWeb(Object(Config\Paths))
 7 SYSTEMPATH/rewrite.php(44): require_once('/home/edinah/Documents/L2/S4/SI/Projet_Caisse/public/index.php')
CRITICAL - 2026-06-17 07:55:14 --> Error: Class "App\Controllers\CaisseModel" not found
[Method: POST, Route: achats/cloturer]
in APPPATH/Controllers/AchatController.php on line 63.
 1 SYSTEMPATH/CodeIgniter.php(951): App\Controllers\AchatController->cloturer()
 2 SYSTEMPATH/CodeIgniter.php(497): CodeIgniter\CodeIgniter->runController(Object(App\Controllers\AchatController))
 3 SYSTEMPATH/CodeIgniter.php(340): CodeIgniter\CodeIgniter->handleRequest(null, Object(Config\Cache), false)
 4 SYSTEMPATH/Boot.php(417): CodeIgniter\CodeIgniter->run()
 5 SYSTEMPATH/Boot.php(68): CodeIgniter\Boot::runCodeIgniter(Object(CodeIgniter\CodeIgniter))
 6 FCPATH/index.php(59): CodeIgniter\Boot::bootWeb(Object(Config\Paths))
 7 SYSTEMPATH/rewrite.php(44): require_once('/home/edinah/Documents/L2/S4/SI/Projet_Caisse/public/index.php')
